<?xml version="1.0" encoding="UTF-8"?>
<testng-results ignored="0" total="1" passed="1" failed="0" skipped="0">
  <reporter-output>
  </reporter-output>
  <suite started-at="2024-03-04T15:13:10 IST" name="Default suite" finished-at="2024-03-04T15:13:48 IST" duration-ms="37469">
    <groups>
    </groups>
    <test started-at="2024-03-04T15:13:10 IST" name="Default test" finished-at="2024-03-04T15:13:48 IST" duration-ms="37469">
      <class name="TestAzure_Devops.TestAzure_Devops.demoTest">
        <test-method signature="login()[pri:0, instance:TestAzure_Devops.TestAzure_Devops.demoTest@3daa422a]" started-at="2024-03-04T15:13:10 IST" name="login" finished-at="2024-03-04T15:13:48 IST" duration-ms="37414" status="PASS">
          <reporter-output>
          </reporter-output>
        </test-method> <!-- login -->
      </class> <!-- TestAzure_Devops.TestAzure_Devops.demoTest -->
    </test> <!-- Default test -->
  </suite> <!-- Default suite -->
</testng-results>
